{"level":"warn","error":"failed to write nodes config file: open src/configs/nodes.yaml: no such file or directory","time":"2025-10-13T11:03:14+05:30","message":"Failed to load nodes config"}
{"level":"warn","time":"2025-10-13T11:03:14+05:30","message":"Node management features may not be available"}
{"level":"info","version":"1.0.0","time":"2025-10-13T11:03:14+05:30","message":"Starting vuDataSim Cluster Manager"}
{"level":"info","static_dir":"./static","time":"2025-10-13T11:03:14+05:30","message":"Serving static files"}
{"level":"info","port":":3000","time":"2025-10-13T11:03:14+05:30","message":"Server starting"}
{"level":"info","node":"System","module":"Metrics","type":"info","time":"2025-10-13T11:03:14+05:30","message":"Starting HTTP-based real metrics collection"}
{"level":"info","url":"http://localhost:3000","time":"2025-10-13T11:03:14+05:30","message":"Open in browser"}
{"level":"info","node":"System","module":"Metrics","type":"info","time":"2025-10-13T11:03:19+05:30","message":"HTTP metrics collection tick"}
{"level":"warn","node":"System","module":"Metrics","type":"warning","time":"2025-10-13T11:03:19+05:30","message":"Failed to load nodes config for metrics collection: failed to write nodes config file: open src/configs/nodes.yaml: no such file or directory"}
{"level":"info","node":"System","module":"Metrics","type":"info","time":"2025-10-13T11:03:24+05:30","message":"HTTP metrics collection tick"}
{"level":"warn","node":"System","module":"Metrics","type":"warning","time":"2025-10-13T11:03:24+05:30","message":"Failed to load nodes config for metrics collection: failed to write nodes config file: open src/configs/nodes.yaml: no such file or directory"}
{"level":"info","node":"System","module":"Metrics","type":"info","time":"2025-10-13T11:03:29+05:30","message":"HTTP metrics collection tick"}
{"level":"warn","node":"System","module":"Metrics","type":"warning","time":"2025-10-13T11:03:29+05:30","message":"Failed to load nodes config for metrics collection: failed to write nodes config file: open src/configs/nodes.yaml: no such file or directory"}
{"level":"info","node":"System","module":"Metrics","type":"info","time":"2025-10-13T11:03:34+05:30","message":"HTTP metrics collection tick"}
{"level":"warn","node":"System","module":"Metrics","type":"warning","time":"2025-10-13T11:03:34+05:30","message":"Failed to load nodes config for metrics collection: failed to write nodes config file: open src/configs/nodes.yaml: no such file or directory"}
{"level":"info","node":"System","module":"Metrics","type":"info","time":"2025-10-13T11:03:39+05:30","message":"HTTP metrics collection tick"}
{"level":"warn","node":"System","module":"Metrics","type":"warning","time":"2025-10-13T11:03:39+05:30","message":"Failed to load nodes config for metrics collection: failed to write nodes config file: open src/configs/nodes.yaml: no such file or directory"}
{"level":"info","node":"System","module":"Metrics","type":"info","time":"2025-10-13T11:03:44+05:30","message":"HTTP metrics collection tick"}
{"level":"warn","node":"System","module":"Metrics","type":"warning","time":"2025-10-13T11:03:44+05:30","message":"Failed to load nodes config for metrics collection: failed to write nodes config file: open src/configs/nodes.yaml: no such file or directory"}
{"level":"info","node":"System","module":"Metrics","type":"info","time":"2025-10-13T11:03:49+05:30","message":"HTTP metrics collection tick"}
{"level":"warn","node":"System","module":"Metrics","type":"warning","time":"2025-10-13T11:03:49+05:30","message":"Failed to load nodes config for metrics collection: failed to write nodes config file: open src/configs/nodes.yaml: no such file or directory"}
{"level":"info","node":"System","module":"Metrics","type":"info","time":"2025-10-13T11:03:54+05:30","message":"HTTP metrics collection tick"}
{"level":"warn","node":"System","module":"Metrics","type":"warning","time":"2025-10-13T11:03:54+05:30","message":"Failed to load nodes config for metrics collection: failed to write nodes config file: open src/configs/nodes.yaml: no such file or directory"}
