{"level":"info","version":"1.0.0","time":"2025-10-14T10:26:00+05:30","message":"Starting vuDataSim Cluster Manager"}
{"level":"info","static_dir":"./static","time":"2025-10-14T10:26:00+05:30","message":"Serving static files"}
{"level":"info","node":"System","module":"ClickHouse","type":"info","time":"2025-10-14T10:26:00+05:30","message":"Initializing ClickHouse client connection"}
{"level":"info","node":"System","module":"ClickHouse","type":"success","time":"2025-10-14T10:26:00+05:30","message":"ClickHouse client initialized successfully"}
{"level":"info","node":"System","module":"ClickHouse","type":"success","time":"2025-10-14T10:26:00+05:30","message":"ClickHouse client initialized successfully"}
{"level":"info","time":"2025-10-14T10:26:00+05:30","message":"ClickHouse client initialized successfully"}
{"level":"info","port":":3000","time":"2025-10-14T10:26:00+05:30","message":"Server starting"}
{"level":"info","url":"http://localhost:3000","time":"2025-10-14T10:26:00+05:30","message":"Open in browser"}
{"level":"warn","node":"localhost","module":"SSH","type":"warning","time":"2025-10-14T10:26:35+05:30","message":"Connection check failed: SSH command failed: exit status 255"}
{"level":"info","node":"Prod-184","module":"SSH","type":"success","time":"2025-10-14T10:26:36+05:30","message":"Connection check passed"}
{"level":"info","node":"Prod-184","module":"SSH","type":"success","time":"2025-10-14T10:26:36+05:30","message":"Connection check passed"}
{"level":"warn","node":"localhost","module":"SSH","type":"warning","time":"2025-10-14T10:26:36+05:30","message":"Connection check failed: SSH command failed: exit status 255"}
{"level":"info","node":"System","module":"ClickHouse","type":"success","time":"2025-10-14T10:26:41+05:30","message":"Collected 0 Kafka producer metrics"}
{"level":"info","version":"1.0.0","time":"2025-10-14T10:31:30+05:30","message":"Starting vuDataSim Cluster Manager"}
{"level":"info","static_dir":"./static","time":"2025-10-14T10:31:30+05:30","message":"Serving static files"}
{"level":"info","node":"System","module":"ClickHouse","type":"info","time":"2025-10-14T10:31:30+05:30","message":"Initializing ClickHouse client connection"}
{"level":"info","node":"System","module":"ClickHouse","type":"success","time":"2025-10-14T10:31:30+05:30","message":"ClickHouse client initialized successfully"}
{"level":"info","node":"System","module":"ClickHouse","type":"success","time":"2025-10-14T10:31:30+05:30","message":"ClickHouse client initialized successfully"}
{"level":"info","time":"2025-10-14T10:31:30+05:30","message":"ClickHouse client initialized successfully"}
{"level":"info","port":"164.52.213.158:30080","time":"2025-10-14T10:31:30+05:30","message":"Server starting"}
{"level":"info","url":"http://localhost164.52.213.158:30080","time":"2025-10-14T10:31:30+05:30","message":"Open in browser"}
{"level":"info","version":"1.0.0","time":"2025-10-14T10:32:50+05:30","message":"Starting vuDataSim Cluster Manager"}
{"level":"info","static_dir":"./static","time":"2025-10-14T10:32:50+05:30","message":"Serving static files"}
{"level":"info","node":"System","module":"ClickHouse","type":"info","time":"2025-10-14T10:32:50+05:30","message":"Initializing ClickHouse client connection"}
{"level":"info","node":"System","module":"ClickHouse","type":"success","time":"2025-10-14T10:32:50+05:30","message":"ClickHouse client initialized successfully"}
{"level":"info","node":"System","module":"ClickHouse","type":"success","time":"2025-10-14T10:32:50+05:30","message":"ClickHouse client initialized successfully"}
{"level":"info","time":"2025-10-14T10:32:50+05:30","message":"ClickHouse client initialized successfully"}
{"level":"info","port":"164.52.213.158:8086","time":"2025-10-14T10:32:50+05:30","message":"Server starting"}
{"level":"info","url":"http://localhost164.52.213.158:8086","time":"2025-10-14T10:32:50+05:30","message":"Open in browser"}
{"level":"info","node":"Prod-184","module":"SSH","type":"success","time":"2025-10-14T10:33:04+05:30","message":"Connection check passed"}
{"level":"info","node":"Prod-184","module":"SSH","type":"success","time":"2025-10-14T10:33:04+05:30","message":"Connection check passed"}
{"level":"warn","node":"localhost","module":"SSH","type":"warning","time":"2025-10-14T10:33:04+05:30","message":"Connection check failed: SSH command failed: exit status 255"}
{"level":"warn","node":"localhost","module":"SSH","type":"warning","time":"2025-10-14T10:33:04+05:30","message":"Connection check failed: SSH command failed: exit status 255"}
{"level":"info","version":"1.0.0","time":"2025-10-14T11:05:20+05:30","message":"Starting vuDataSim Cluster Manager"}
{"level":"info","static_dir":"./static","time":"2025-10-14T11:05:20+05:30","message":"Serving static files"}
{"level":"info","node":"System","module":"ClickHouse","type":"info","time":"2025-10-14T11:05:20+05:30","message":"Initializing ClickHouse client connection"}
{"level":"info","node":"System","module":"ClickHouse","type":"success","time":"2025-10-14T11:05:20+05:30","message":"ClickHouse client initialized successfully"}
{"level":"info","node":"System","module":"ClickHouse","type":"success","time":"2025-10-14T11:05:20+05:30","message":"ClickHouse client initialized successfully"}
{"level":"info","time":"2025-10-14T11:05:20+05:30","message":"ClickHouse client initialized successfully"}
{"level":"info","port":"164.52.213.158:8086","time":"2025-10-14T11:05:20+05:30","message":"Server starting"}
{"level":"info","url":"http://164.52.213.158:8086","time":"2025-10-14T11:05:20+05:30","message":"Open in browser"}
{"level":"warn","node":"localhost","module":"SSH","type":"warning","time":"2025-10-14T11:05:22+05:30","message":"Connection check failed: SSH command failed: exit status 255"}
{"level":"info","node":"Prod-184","module":"SSH","type":"success","time":"2025-10-14T11:05:23+05:30","message":"Connection check passed"}
{"level":"info","node":"Prod-184","module":"SSH","type":"success","time":"2025-10-14T11:05:23+05:30","message":"Connection check passed"}
{"level":"warn","node":"localhost","module":"SSH","type":"warning","time":"2025-10-14T11:05:23+05:30","message":"Connection check failed: SSH command failed: exit status 255"}
{"level":"error","node":"System","module":"ClickHouse","type":"error","time":"2025-10-14T11:05:23+05:30","message":"Error collecting pod resource metrics: error querying pod resource metrics: code: 215, message: Column `cluster_identifiers` is not under aggregate function and not in GROUP BY. Have columns: ['max(timestamp)','avg(kubernetes_pod_memory_usage_limit_pct)','avg(kubernetes_pod_cpu_usage_limit_pct)']: While processing cluster_identifiers AS cluster_id, kubernetes_pod_name AS pod_name, avg(kubernetes_pod_cpu_usage_limit_pct) AS cpu_percentage, avg(kubernetes_pod_memory_usage_limit_pct) AS memory_percentage, max(timestamp) AS latest_timestamp"}
{"level":"error","node":"System","module":"ClickHouse","type":"error","time":"2025-10-14T11:05:24+05:30","message":"Error collecting pod status metrics: error scanning pod status metrics: clickhouse [ScanRow]: (coalesce(running_containers, 0)) converting UInt64 to *int is unsupported. try using *uint64"}
{"level":"error","node":"System","module":"ClickHouse","type":"error","time":"2025-10-14T11:05:24+05:30","message":"Error collecting Kafka metrics: failed to query Kafka producer metrics: code: 60, message: Table vusmart.kafka_producer_Producer_Topic_Metrics_data does not exist. Maybe you meant monitoring.kafka_producer_Producer_Topic_Metrics_data?"}
{"level":"info","version":"1.0.0","time":"2025-10-14T11:08:20+05:30","message":"Starting vuDataSim Cluster Manager"}
{"level":"info","static_dir":"./static","time":"2025-10-14T11:08:20+05:30","message":"Serving static files"}
{"level":"info","node":"System","module":"ClickHouse","type":"info","time":"2025-10-14T11:08:20+05:30","message":"Initializing ClickHouse client connection"}
{"level":"info","node":"System","module":"ClickHouse","type":"success","time":"2025-10-14T11:08:20+05:30","message":"ClickHouse client initialized successfully"}
{"level":"info","node":"System","module":"ClickHouse","type":"success","time":"2025-10-14T11:08:20+05:30","message":"ClickHouse client initialized successfully"}
{"level":"info","time":"2025-10-14T11:08:20+05:30","message":"ClickHouse client initialized successfully"}
{"level":"info","port":"164.52.213.158:8086","time":"2025-10-14T11:08:20+05:30","message":"Server starting"}
{"level":"info","url":"http://164.52.213.158:8086","time":"2025-10-14T11:08:20+05:30","message":"Open in browser"}
{"level":"warn","node":"localhost","module":"SSH","type":"warning","time":"2025-10-14T11:08:22+05:30","message":"Connection check failed: SSH command failed: exit status 255"}
{"level":"info","node":"Prod-184","module":"SSH","type":"success","time":"2025-10-14T11:08:22+05:30","message":"Connection check passed"}
{"level":"warn","node":"localhost","module":"SSH","type":"warning","time":"2025-10-14T11:08:22+05:30","message":"Connection check failed: SSH command failed: exit status 255"}
{"level":"info","node":"Prod-184","module":"SSH","type":"success","time":"2025-10-14T11:08:22+05:30","message":"Connection check passed"}
{"level":"info","version":"1.0.0","time":"2025-10-14T11:14:18+05:30","message":"Starting vuDataSim Cluster Manager"}
{"level":"info","static_dir":"./static","time":"2025-10-14T11:14:18+05:30","message":"Serving static files"}
{"level":"info","node":"System","module":"ClickHouse","type":"info","time":"2025-10-14T11:14:18+05:30","message":"Initializing ClickHouse client connection"}
{"level":"info","node":"System","module":"ClickHouse","type":"success","time":"2025-10-14T11:14:18+05:30","message":"ClickHouse client initialized successfully"}
{"level":"info","node":"System","module":"ClickHouse","type":"success","time":"2025-10-14T11:14:18+05:30","message":"ClickHouse client initialized successfully"}
{"level":"info","time":"2025-10-14T11:14:18+05:30","message":"ClickHouse client initialized successfully"}
{"level":"info","port":"164.52.213.158:8086","time":"2025-10-14T11:14:18+05:30","message":"Server starting"}
{"level":"info","url":"http://164.52.213.158:8086","time":"2025-10-14T11:14:18+05:30","message":"Open in browser"}
{"level":"info","node":"Prod-184","module":"SSH","type":"success","time":"2025-10-14T11:14:29+05:30","message":"Connection check passed"}
{"level":"info","node":"Prod-184","module":"SSH","type":"success","time":"2025-10-14T11:14:29+05:30","message":"Connection check passed"}
{"level":"warn","node":"localhost","module":"SSH","type":"warning","time":"2025-10-14T11:14:29+05:30","message":"Connection check failed: SSH command failed: exit status 255"}
{"level":"warn","node":"localhost","module":"SSH","type":"warning","time":"2025-10-14T11:14:29+05:30","message":"Connection check failed: SSH command failed: exit status 255"}
{"level":"info","version":"1.0.0","time":"2025-10-14T11:25:43+05:30","message":"Starting vuDataSim Cluster Manager"}
{"level":"info","static_dir":"./static","time":"2025-10-14T11:25:43+05:30","message":"Serving static files"}
{"level":"info","node":"System","module":"ClickHouse","type":"info","time":"2025-10-14T11:25:43+05:30","message":"Initializing ClickHouse client connection"}
{"level":"info","node":"System","module":"ClickHouse","type":"success","time":"2025-10-14T11:25:43+05:30","message":"ClickHouse client initialized successfully"}
{"level":"info","node":"System","module":"ClickHouse","type":"success","time":"2025-10-14T11:25:43+05:30","message":"ClickHouse client initialized successfully"}
{"level":"info","time":"2025-10-14T11:25:43+05:30","message":"ClickHouse client initialized successfully"}
{"level":"info","port":"164.52.213.158:8086","time":"2025-10-14T11:25:43+05:30","message":"Server starting"}
{"level":"info","url":"http://164.52.213.158:8086","time":"2025-10-14T11:25:43+05:30","message":"Open in browser"}
{"level":"info","node":"Prod-184","module":"SSH","type":"success","time":"2025-10-14T11:25:51+05:30","message":"Connection check passed"}
{"level":"info","node":"Prod-184","module":"SSH","type":"success","time":"2025-10-14T11:25:51+05:30","message":"Connection check passed"}
{"level":"warn","node":"localhost","module":"SSH","type":"warning","time":"2025-10-14T11:25:51+05:30","message":"Connection check failed: SSH command failed: exit status 255"}
{"level":"warn","node":"localhost","module":"SSH","type":"warning","time":"2025-10-14T11:25:51+05:30","message":"Connection check failed: SSH command failed: exit status 255"}
{"level":"info","node":"System","module":"ClickHouse","type":"info","time":"2025-10-14T11:25:54+05:30","message":"Pod Resource Metrics: 3, Pod Status Metrics: 3"}
{"level":"info","node":"System","module":"ClickHouse","type":"info","time":"2025-10-14T11:26:01+05:30","message":"Pod Resource Metrics: 3, Pod Status Metrics: 3"}
{"level":"info","node":"System","module":"ClickHouse","type":"info","time":"2025-10-14T11:26:13+05:30","message":"Pod Resource Metrics: 3, Pod Status Metrics: 3"}
{"level":"info","version":"1.0.0","time":"2025-10-14T11:29:05+05:30","message":"Starting vuDataSim Cluster Manager"}
{"level":"info","static_dir":"./static","time":"2025-10-14T11:29:05+05:30","message":"Serving static files"}
{"level":"info","node":"System","module":"ClickHouse","type":"info","time":"2025-10-14T11:29:05+05:30","message":"Initializing ClickHouse client connection"}
{"level":"info","node":"System","module":"ClickHouse","type":"success","time":"2025-10-14T11:29:05+05:30","message":"ClickHouse client initialized successfully"}
{"level":"info","node":"System","module":"ClickHouse","type":"success","time":"2025-10-14T11:29:05+05:30","message":"ClickHouse client initialized successfully"}
{"level":"info","time":"2025-10-14T11:29:05+05:30","message":"ClickHouse client initialized successfully"}
{"level":"info","port":"164.52.213.158:8086","time":"2025-10-14T11:29:05+05:30","message":"Server starting"}
{"level":"info","url":"http://164.52.213.158:8086","time":"2025-10-14T11:29:05+05:30","message":"Open in browser"}
{"level":"info","node":"Prod-184","module":"SSH","type":"success","time":"2025-10-14T11:29:09+05:30","message":"Connection check passed"}
{"level":"warn","node":"localhost","module":"SSH","type":"warning","time":"2025-10-14T11:29:09+05:30","message":"Connection check failed: SSH command failed: exit status 255"}
{"level":"info","node":"Prod-184","module":"SSH","type":"success","time":"2025-10-14T11:29:09+05:30","message":"Connection check passed"}
{"level":"warn","node":"localhost","module":"SSH","type":"warning","time":"2025-10-14T11:29:09+05:30","message":"Connection check failed: SSH command failed: exit status 255"}
{"level":"info","node":"System","module":"ClickHouse","type":"info","time":"2025-10-14T11:29:17+05:30","message":"Pod Resource Metrics: 3, Pod Status Metrics: 3"}
{"level":"info","node":"System","module":"ClickHouse","type":"info","time":"2025-10-14T11:29:17+05:30","message":"Sending metrics response: &{KafkaProducerMetrics:[] SystemMetrics:[] DatabaseMetrics:[] ContainerMetrics:[] PodResourceMetrics:[{ClusterID:perf-cluster PodName:mssql-telegraf-pipeline-dcffcd5f6-kqmch CPUPercentage:0.0009654328888986086 MemoryPercentage:0.05734362637730031 LastTimestamp:2025-10-14 05:58:34 +0000 UTC} {ClusterID:perf-cluster PodName:linuxmonitor-8d545644d-wv77v CPUPercentage:0.0021235431806715683 MemoryPercentage:0.0805261316200575 LastTimestamp:2025-10-14 05:58:34 +0000 UTC} {ClusterID:perf-cluster PodName:apache-metrics-6d7f45d5d8-vbmcf CPUPercentage:0.009927043424620521 MemoryPercentage:0.4088156912405536 LastTimestamp:2025-10-14 05:58:34 +0000 UTC}] PodStatusMetrics:[{ClusterID:perf-cluster NodeName:e2e-82-181 PodName:mssql-telegraf-pipeline-dcffcd5f6-kqmch PodPhase:running ContainerStatus:mssql-telegraf-pipeline=running ContainerReasons: RunningContainers:1 NonRunningContainers:0 DerivedStatus:running} {ClusterID:perf-cluster NodeName:e2e-82-181 PodName:linuxmonitor-8d545644d-wv77v PodPhase:running ContainerStatus:linuxmonitor=running ContainerReasons: RunningContainers:1 NonRunningContainers:0 DerivedStatus:running} {ClusterID:perf-cluster NodeName:e2e-82-181 PodName:apache-metrics-6d7f45d5d8-vbmcf PodPhase:running ContainerStatus:apache-metrics=running ContainerReasons: RunningContainers:1 NonRunningContainers:0 DerivedStatus:running}] LastUpdated:2025-10-14 11:29:17.069782448 +0530 IST m=+13.477468573}"}
{"level":"info","node":"System","module":"ClickHouse","type":"info","time":"2025-10-14T11:29:20+05:30","message":"Pod Resource Metrics: 3, Pod Status Metrics: 3"}
{"level":"info","node":"System","module":"ClickHouse","type":"info","time":"2025-10-14T11:29:20+05:30","message":"Sending metrics response: &{KafkaProducerMetrics:[] SystemMetrics:[] DatabaseMetrics:[] ContainerMetrics:[] PodResourceMetrics:[{ClusterID:perf-cluster PodName:mssql-telegraf-pipeline-dcffcd5f6-kqmch CPUPercentage:0.0009654328888986086 MemoryPercentage:0.05734362637730031 LastTimestamp:2025-10-14 05:58:34 +0000 UTC} {ClusterID:perf-cluster PodName:linuxmonitor-8d545644d-wv77v CPUPercentage:0.0021235431806715683 MemoryPercentage:0.0805261316200575 LastTimestamp:2025-10-14 05:58:34 +0000 UTC} {ClusterID:perf-cluster PodName:apache-metrics-6d7f45d5d8-vbmcf CPUPercentage:0.009927043424620521 MemoryPercentage:0.4088156912405536 LastTimestamp:2025-10-14 05:58:34 +0000 UTC}] PodStatusMetrics:[{ClusterID:perf-cluster NodeName:e2e-82-181 PodName:mssql-telegraf-pipeline-dcffcd5f6-kqmch PodPhase:running ContainerStatus:mssql-telegraf-pipeline=running ContainerReasons: RunningContainers:1 NonRunningContainers:0 DerivedStatus:running} {ClusterID:perf-cluster NodeName:e2e-82-181 PodName:linuxmonitor-8d545644d-wv77v PodPhase:running ContainerStatus:linuxmonitor=running ContainerReasons: RunningContainers:1 NonRunningContainers:0 DerivedStatus:running} {ClusterID:perf-cluster NodeName:e2e-82-181 PodName:apache-metrics-6d7f45d5d8-vbmcf PodPhase:running ContainerStatus:apache-metrics=running ContainerReasons: RunningContainers:1 NonRunningContainers:0 DerivedStatus:running}] LastUpdated:2025-10-14 11:29:20.512794527 +0530 IST m=+16.920480652}"}
{"level":"info","version":"1.0.0","time":"2025-10-14T11:34:07+05:30","message":"Starting vuDataSim Cluster Manager"}
{"level":"info","static_dir":"./static","time":"2025-10-14T11:34:07+05:30","message":"Serving static files"}
{"level":"info","node":"System","module":"ClickHouse","type":"info","time":"2025-10-14T11:34:07+05:30","message":"Initializing ClickHouse client connection"}
{"level":"info","node":"System","module":"ClickHouse","type":"success","time":"2025-10-14T11:34:07+05:30","message":"ClickHouse client initialized successfully"}
{"level":"info","node":"System","module":"ClickHouse","type":"success","time":"2025-10-14T11:34:07+05:30","message":"ClickHouse client initialized successfully"}
{"level":"info","time":"2025-10-14T11:34:07+05:30","message":"ClickHouse client initialized successfully"}
{"level":"info","port":"164.52.213.158:8086","time":"2025-10-14T11:34:07+05:30","message":"Server starting"}
{"level":"info","url":"http://164.52.213.158:8086","time":"2025-10-14T11:34:07+05:30","message":"Open in browser"}
{"level":"warn","node":"localhost","module":"SSH","type":"warning","time":"2025-10-14T11:34:11+05:30","message":"Connection check failed: SSH command failed: exit status 255"}
{"level":"info","node":"Prod-184","module":"SSH","type":"success","time":"2025-10-14T11:34:11+05:30","message":"Connection check passed"}
{"level":"warn","node":"localhost","module":"SSH","type":"warning","time":"2025-10-14T11:34:12+05:30","message":"Connection check failed: SSH command failed: exit status 255"}
{"level":"info","node":"Prod-184","module":"SSH","type":"success","time":"2025-10-14T11:34:12+05:30","message":"Connection check passed"}
{"level":"info","node":"System","module":"ClickHouse","type":"info","time":"2025-10-14T11:34:13+05:30","message":"Pod Resource Metrics: 3, Pod Status Metrics: 3"}
{"level":"info","node":"System","module":"ClickHouse","type":"info","time":"2025-10-14T11:34:13+05:30","message":"Sending metrics response: &{KafkaProducerMetrics:[] SystemMetrics:[] DatabaseMetrics:[] ContainerMetrics:[] PodResourceMetrics:[{ClusterID:perf-cluster PodName:mssql-telegraf-pipeline-dcffcd5f6-kqmch CPUPercentage:0.0009637019070274599 MemoryPercentage:0.05721227674956251 LastTimestamp:2025-10-14 06:03:34 +0000 UTC} {ClusterID:perf-cluster PodName:linuxmonitor-8d545644d-wv77v CPUPercentage:0.0021197077877613503 MemoryPercentage:0.08033967379509183 LastTimestamp:2025-10-14 06:03:34 +0000 UTC} {ClusterID:perf-cluster PodName:apache-metrics-6d7f45d5d8-vbmcf CPUPercentage:0.009929351177626233 MemoryPercentage:0.4090192487542058 LastTimestamp:2025-10-14 06:03:34 +0000 UTC}] PodStatusMetrics:[{ClusterID:perf-cluster NodeName:e2e-82-181 PodName:mssql-telegraf-pipeline-dcffcd5f6-kqmch PodPhase:running ContainerStatus:mssql-telegraf-pipeline=running ContainerReasons: RunningContainers:1 NonRunningContainers:0 DerivedStatus:running} {ClusterID:perf-cluster NodeName:e2e-82-181 PodName:linuxmonitor-8d545644d-wv77v PodPhase:running ContainerStatus:linuxmonitor=running ContainerReasons: RunningContainers:1 NonRunningContainers:0 DerivedStatus:running} {ClusterID:perf-cluster NodeName:e2e-82-181 PodName:apache-metrics-6d7f45d5d8-vbmcf PodPhase:running ContainerStatus:apache-metrics=running ContainerReasons: RunningContainers:1 NonRunningContainers:0 DerivedStatus:running}] LastUpdated:2025-10-14 11:34:13.077703587 +0530 IST m=+7.113509771}"}
{"level":"info","node":"System","module":"ClickHouse","type":"info","time":"2025-10-14T11:34:26+05:30","message":"Pod Resource Metrics: 3, Pod Status Metrics: 3"}
{"level":"info","node":"System","module":"ClickHouse","type":"info","time":"2025-10-14T11:34:26+05:30","message":"Sending metrics response: &{KafkaProducerMetrics:[] SystemMetrics:[] DatabaseMetrics:[] ContainerMetrics:[] PodResourceMetrics:[{ClusterID:perf-cluster PodName:mssql-telegraf-pipeline-dcffcd5f6-kqmch CPUPercentage:0.0009637019070274599 MemoryPercentage:0.05721227674956251 LastTimestamp:2025-10-14 06:03:34 +0000 UTC} {ClusterID:perf-cluster PodName:linuxmonitor-8d545644d-wv77v CPUPercentage:0.0021197077877613503 MemoryPercentage:0.08033967379509183 LastTimestamp:2025-10-14 06:03:34 +0000 UTC} {ClusterID:perf-cluster PodName:apache-metrics-6d7f45d5d8-vbmcf CPUPercentage:0.009929351177626233 MemoryPercentage:0.4090192487542058 LastTimestamp:2025-10-14 06:03:34 +0000 UTC}] PodStatusMetrics:[{ClusterID:perf-cluster NodeName:e2e-82-181 PodName:mssql-telegraf-pipeline-dcffcd5f6-kqmch PodPhase:running ContainerStatus:mssql-telegraf-pipeline=running ContainerReasons: RunningContainers:1 NonRunningContainers:0 DerivedStatus:running} {ClusterID:perf-cluster NodeName:e2e-82-181 PodName:linuxmonitor-8d545644d-wv77v PodPhase:running ContainerStatus:linuxmonitor=running ContainerReasons: RunningContainers:1 NonRunningContainers:0 DerivedStatus:running} {ClusterID:perf-cluster NodeName:e2e-82-181 PodName:apache-metrics-6d7f45d5d8-vbmcf PodPhase:running ContainerStatus:apache-metrics=running ContainerReasons: RunningContainers:1 NonRunningContainers:0 DerivedStatus:running}] LastUpdated:2025-10-14 11:34:25.878423625 +0530 IST m=+19.914229798}"}
{"level":"info","node":"System","module":"ClickHouse","type":"info","time":"2025-10-14T11:34:46+05:30","message":"Pod Resource Metrics: 3, Pod Status Metrics: 3"}
{"level":"info","node":"System","module":"ClickHouse","type":"info","time":"2025-10-14T11:34:46+05:30","message":"Sending metrics response: &{KafkaProducerMetrics:[] SystemMetrics:[] DatabaseMetrics:[] ContainerMetrics:[] PodResourceMetrics:[{ClusterID:perf-cluster PodName:mssql-telegraf-pipeline-dcffcd5f6-kqmch CPUPercentage:0.0009633479468053757 MemoryPercentage:0.05718608716735976 LastTimestamp:2025-10-14 06:04:34 +0000 UTC} {ClusterID:perf-cluster PodName:linuxmonitor-8d545644d-wv77v CPUPercentage:0.0021189887735678183 MemoryPercentage:0.08030249662140236 LastTimestamp:2025-10-14 06:04:34 +0000 UTC} {ClusterID:perf-cluster PodName:apache-metrics-6d7f45d5d8-vbmcf CPUPercentage:0.009929334523338006 MemoryPercentage:0.4090597443072926 LastTimestamp:2025-10-14 06:04:34 +0000 UTC}] PodStatusMetrics:[{ClusterID:perf-cluster NodeName:e2e-82-181 PodName:mssql-telegraf-pipeline-dcffcd5f6-kqmch PodPhase:running ContainerStatus:mssql-telegraf-pipeline=running ContainerReasons: RunningContainers:1 NonRunningContainers:0 DerivedStatus:running} {ClusterID:perf-cluster NodeName:e2e-82-181 PodName:linuxmonitor-8d545644d-wv77v PodPhase:running ContainerStatus:linuxmonitor=running ContainerReasons: RunningContainers:1 NonRunningContainers:0 DerivedStatus:running} {ClusterID:perf-cluster NodeName:e2e-82-181 PodName:apache-metrics-6d7f45d5d8-vbmcf PodPhase:running ContainerStatus:apache-metrics=running ContainerReasons: RunningContainers:1 NonRunningContainers:0 DerivedStatus:running}] LastUpdated:2025-10-14 11:34:45.952551927 +0530 IST m=+39.988358111}"}
{"level":"info","node":"System","module":"ClickHouse","type":"info","time":"2025-10-14T11:34:50+05:30","message":"Pod Resource Metrics: 3, Pod Status Metrics: 3"}
{"level":"info","node":"System","module":"ClickHouse","type":"info","time":"2025-10-14T11:34:50+05:30","message":"Sending metrics response: &{KafkaProducerMetrics:[] SystemMetrics:[] DatabaseMetrics:[] ContainerMetrics:[] PodResourceMetrics:[{ClusterID:perf-cluster PodName:mssql-telegraf-pipeline-dcffcd5f6-kqmch CPUPercentage:0.0009633479468053757 MemoryPercentage:0.05718608716735976 LastTimestamp:2025-10-14 06:04:34 +0000 UTC} {ClusterID:perf-cluster PodName:linuxmonitor-8d545644d-wv77v CPUPercentage:0.0021189887735678183 MemoryPercentage:0.08030249662140236 LastTimestamp:2025-10-14 06:04:34 +0000 UTC} {ClusterID:perf-cluster PodName:apache-metrics-6d7f45d5d8-vbmcf CPUPercentage:0.009929334523338006 MemoryPercentage:0.4090597443072926 LastTimestamp:2025-10-14 06:04:34 +0000 UTC}] PodStatusMetrics:[{ClusterID:perf-cluster NodeName:e2e-82-181 PodName:mssql-telegraf-pipeline-dcffcd5f6-kqmch PodPhase:running ContainerStatus:mssql-telegraf-pipeline=running ContainerReasons: RunningContainers:1 NonRunningContainers:0 DerivedStatus:running} {ClusterID:perf-cluster NodeName:e2e-82-181 PodName:linuxmonitor-8d545644d-wv77v PodPhase:running ContainerStatus:linuxmonitor=running ContainerReasons: RunningContainers:1 NonRunningContainers:0 DerivedStatus:running} {ClusterID:perf-cluster NodeName:e2e-82-181 PodName:apache-metrics-6d7f45d5d8-vbmcf PodPhase:running ContainerStatus:apache-metrics=running ContainerReasons: RunningContainers:1 NonRunningContainers:0 DerivedStatus:running}] LastUpdated:2025-10-14 11:34:50.170040502 +0530 IST m=+44.205846675}"}
{"level":"info","version":"1.0.0","time":"2025-10-14T12:41:57+05:30","message":"Starting vuDataSim Cluster Manager"}
{"level":"info","static_dir":"./static","time":"2025-10-14T12:41:57+05:30","message":"Serving static files"}
{"level":"info","node":"System","module":"ClickHouse","type":"info","time":"2025-10-14T12:41:57+05:30","message":"Initializing ClickHouse client connection"}
{"level":"info","node":"System","module":"ClickHouse","type":"success","time":"2025-10-14T12:41:57+05:30","message":"ClickHouse client initialized successfully"}
{"level":"info","node":"System","module":"ClickHouse","type":"success","time":"2025-10-14T12:41:57+05:30","message":"ClickHouse client initialized successfully"}
{"level":"info","time":"2025-10-14T12:41:57+05:30","message":"ClickHouse client initialized successfully"}
{"level":"info","port":"164.52.213.158:8086","time":"2025-10-14T12:41:57+05:30","message":"Server starting"}
{"level":"info","url":"http://164.52.213.158:8086","time":"2025-10-14T12:41:57+05:30","message":"Open in browser"}
{"level":"info","version":"1.0.0","time":"2025-10-14T12:42:15+05:30","message":"Starting vuDataSim Cluster Manager"}
{"level":"info","static_dir":"./static","time":"2025-10-14T12:42:15+05:30","message":"Serving static files"}
{"level":"info","node":"System","module":"ClickHouse","type":"info","time":"2025-10-14T12:42:15+05:30","message":"Initializing ClickHouse client connection"}
{"level":"info","node":"System","module":"ClickHouse","type":"success","time":"2025-10-14T12:42:15+05:30","message":"ClickHouse client initialized successfully"}
{"level":"info","node":"System","module":"ClickHouse","type":"success","time":"2025-10-14T12:42:15+05:30","message":"ClickHouse client initialized successfully"}
{"level":"info","time":"2025-10-14T12:42:15+05:30","message":"ClickHouse client initialized successfully"}
{"level":"info","port":"164.52.213.158:8086","time":"2025-10-14T12:42:15+05:30","message":"Server starting"}
{"level":"info","url":"http://164.52.213.158:8086","time":"2025-10-14T12:42:15+05:30","message":"Open in browser"}
{"level":"info","node":"Prod-184","module":"SSH","type":"success","time":"2025-10-14T12:42:20+05:30","message":"Connection check passed"}
{"level":"warn","node":"localhost","module":"SSH","type":"warning","time":"2025-10-14T12:42:20+05:30","message":"Connection check failed: SSH command failed: exit status 255"}
{"level":"info","node":"Prod-184","module":"SSH","type":"success","time":"2025-10-14T12:42:20+05:30","message":"Connection check passed"}
{"level":"warn","node":"localhost","module":"SSH","type":"warning","time":"2025-10-14T12:42:20+05:30","message":"Connection check failed: SSH command failed: exit status 255"}
{"level":"info","node":"System","module":"ClickHouse","type":"info","time":"2025-10-14T12:42:21+05:30","message":"Pod Resource Metrics: 3, Pod Status Metrics: 3"}
{"level":"info","node":"System","module":"ClickHouse","type":"info","time":"2025-10-14T12:42:21+05:30","message":"Sending metrics response: &{KafkaProducerMetrics:[] SystemMetrics:[] DatabaseMetrics:[] ContainerMetrics:[] PodResourceMetrics:[{ClusterID:perf-cluster PodName:mssql-telegraf-pipeline-dcffcd5f6-kqmch CPUPercentage:0.0009407379672568305 MemoryPercentage:0.05549086515181345 LastTimestamp:2025-10-14 07:11:34 +0000 UTC} {ClusterID:perf-cluster PodName:linuxmonitor-8d545644d-wv77v CPUPercentage:0.0020699497531183127 MemoryPercentage:0.0778948998516513 LastTimestamp:2025-10-14 07:11:34 +0000 UTC} {ClusterID:perf-cluster PodName:apache-metrics-6d7f45d5d8-vbmcf CPUPercentage:0.009927609343154049 MemoryPercentage:0.411577228624423 LastTimestamp:2025-10-14 07:11:34 +0000 UTC}] PodStatusMetrics:[{ClusterID:perf-cluster NodeName:e2e-82-181 PodName:mssql-telegraf-pipeline-dcffcd5f6-kqmch PodPhase:running ContainerStatus:mssql-telegraf-pipeline=running ContainerReasons: RunningContainers:1 NonRunningContainers:0 DerivedStatus:running} {ClusterID:perf-cluster NodeName:e2e-82-181 PodName:linuxmonitor-8d545644d-wv77v PodPhase:running ContainerStatus:linuxmonitor=running ContainerReasons: RunningContainers:1 NonRunningContainers:0 DerivedStatus:running} {ClusterID:perf-cluster NodeName:e2e-82-181 PodName:apache-metrics-6d7f45d5d8-vbmcf PodPhase:running ContainerStatus:apache-metrics=running ContainerReasons: RunningContainers:1 NonRunningContainers:0 DerivedStatus:running}] LastUpdated:2025-10-14 12:42:21.306376674 +0530 IST m=+5.365958123}"}
{"level":"info","version":"1.0.0","time":"2025-10-14T12:53:57+05:30","message":"Starting vuDataSim Cluster Manager"}
{"level":"info","static_dir":"./static","time":"2025-10-14T12:53:57+05:30","message":"Serving static files"}
{"level":"info","node":"System","module":"ClickHouse","type":"info","time":"2025-10-14T12:53:57+05:30","message":"Initializing ClickHouse client connection"}
{"level":"info","version":"1.0.0","time":"2025-10-14T12:54:26+05:30","message":"Starting vuDataSim Cluster Manager"}
{"level":"info","static_dir":"./static","time":"2025-10-14T12:54:26+05:30","message":"Serving static files"}
{"level":"info","node":"System","module":"ClickHouse","type":"info","time":"2025-10-14T12:54:26+05:30","message":"Initializing ClickHouse client connection"}
{"level":"info","version":"1.0.0","time":"2025-10-14T13:05:14+05:30","message":"Starting vuDataSim Cluster Manager"}
{"level":"info","static_dir":"./static","time":"2025-10-14T13:05:14+05:30","message":"Serving static files"}
{"level":"info","node":"System","module":"ClickHouse","type":"info","time":"2025-10-14T13:05:14+05:30","message":"Initializing ClickHouse client connection"}
{"level":"error","node":"System","module":"ClickHouse","type":"error","time":"2025-10-14T13:05:44+05:30","message":"ClickHouse ping failed: dial tcp 10.32.3.50:9000: i/o timeout"}
{"level":"warn","error":"dial tcp 10.32.3.50:9000: i/o timeout","time":"2025-10-14T13:05:44+05:30","message":"Failed to initialize ClickHouse client - metrics will not be available"}
{"level":"info","port":"164.52.213.158:8086","time":"2025-10-14T13:05:44+05:30","message":"Server starting"}
{"level":"info","url":"http://164.52.213.158:8086","time":"2025-10-14T13:05:44+05:30","message":"Open in browser"}
{"level":"info","version":"1.0.0","time":"2025-10-14T13:07:44+05:30","message":"Starting vuDataSim Cluster Manager"}
{"level":"info","static_dir":"./static","time":"2025-10-14T13:07:44+05:30","message":"Serving static files"}
{"level":"info","node":"System","module":"ClickHouse","type":"info","time":"2025-10-14T13:07:44+05:30","message":"Initializing ClickHouse client connection"}
{"level":"error","node":"System","module":"ClickHouse","type":"error","time":"2025-10-14T13:08:14+05:30","message":"ClickHouse ping failed: dial tcp 10.32.3.50:9000: i/o timeout"}
{"level":"warn","error":"dial tcp 10.32.3.50:9000: i/o timeout","time":"2025-10-14T13:08:14+05:30","message":"Failed to initialize ClickHouse client - metrics will not be available"}
{"level":"info","port":"localhost:8086","time":"2025-10-14T13:08:14+05:30","message":"Server starting"}
{"level":"info","url":"http://localhost:8086","time":"2025-10-14T13:08:14+05:30","message":"Open in browser"}
{"level":"info","node":"Prod-184","module":"SSH","type":"success","time":"2025-10-14T13:09:14+05:30","message":"Connection check passed"}
{"level":"info","node":"Prod-184","module":"SSH","type":"success","time":"2025-10-14T13:09:27+05:30","message":"Connection check passed"}
{"level":"info","version":"1.0.0","time":"2025-10-14T13:19:42+05:30","message":"Starting vuDataSim Cluster Manager"}
{"level":"info","static_dir":"./static","time":"2025-10-14T13:19:42+05:30","message":"Serving static files"}
{"level":"info","node":"System","module":"ClickHouse","type":"info","time":"2025-10-14T13:19:42+05:30","message":"Initializing ClickHouse client connection"}
{"level":"error","node":"System","module":"ClickHouse","type":"error","time":"2025-10-14T13:20:12+05:30","message":"ClickHouse ping failed: dial tcp 10.32.3.50:9000: i/o timeout"}
{"level":"warn","error":"dial tcp 10.32.3.50:9000: i/o timeout","time":"2025-10-14T13:20:12+05:30","message":"Failed to initialize ClickHouse client - metrics will not be available"}
{"level":"info","port":"localhost:8086","time":"2025-10-14T13:20:12+05:30","message":"Server starting"}
{"level":"info","url":"http://localhost:8086","time":"2025-10-14T13:20:12+05:30","message":"Open in browser"}
{"level":"info","version":"1.0.0","time":"2025-10-14T13:32:44+05:30","message":"Starting vuDataSim Cluster Manager"}
{"level":"info","static_dir":"./static","time":"2025-10-14T13:32:44+05:30","message":"Serving static files"}
{"level":"info","node":"System","module":"ClickHouse","type":"info","time":"2025-10-14T13:32:44+05:30","message":"Initializing ClickHouse client connection"}
{"level":"error","node":"System","module":"ClickHouse","type":"error","time":"2025-10-14T13:33:14+05:30","message":"ClickHouse ping failed: dial tcp 10.32.3.50:9000: i/o timeout"}
{"level":"warn","error":"dial tcp 10.32.3.50:9000: i/o timeout","time":"2025-10-14T13:33:14+05:30","message":"Failed to initialize ClickHouse client - metrics will not be available"}
{"level":"info","port":"localhost:8086","time":"2025-10-14T13:33:14+05:30","message":"Server starting"}
{"level":"info","url":"http://localhost:8086","time":"2025-10-14T13:33:14+05:30","message":"Open in browser"}
{"level":"info","version":"1.0.0","time":"2025-10-14T13:33:44+05:30","message":"Starting vuDataSim Cluster Manager"}
{"level":"info","static_dir":"./static","time":"2025-10-14T13:33:44+05:30","message":"Serving static files"}
{"level":"info","node":"System","module":"ClickHouse","type":"info","time":"2025-10-14T13:33:44+05:30","message":"Initializing ClickHouse client connection"}
{"level":"error","node":"System","module":"ClickHouse","type":"error","time":"2025-10-14T13:34:14+05:30","message":"ClickHouse ping failed: dial tcp 10.32.3.50:9000: i/o timeout"}
{"level":"warn","error":"dial tcp 10.32.3.50:9000: i/o timeout","time":"2025-10-14T13:34:14+05:30","message":"Failed to initialize ClickHouse client - metrics will not be available"}
{"level":"info","port":"localhost:8086","time":"2025-10-14T13:34:14+05:30","message":"Server starting"}
{"level":"info","url":"http://localhost:8086","time":"2025-10-14T13:34:14+05:30","message":"Open in browser"}
{"level":"info","version":"1.0.0","time":"2025-10-14T13:37:10+05:30","message":"Starting vuDataSim Cluster Manager"}
{"level":"info","static_dir":"./static","time":"2025-10-14T13:37:10+05:30","message":"Serving static files"}
{"level":"info","node":"System","module":"ClickHouse","type":"info","time":"2025-10-14T13:37:10+05:30","message":"Initializing ClickHouse client connection"}
{"level":"error","node":"System","module":"ClickHouse","type":"error","time":"2025-10-14T13:37:40+05:30","message":"ClickHouse ping failed: dial tcp 10.32.3.50:9000: i/o timeout"}
{"level":"warn","error":"dial tcp 10.32.3.50:9000: i/o timeout","time":"2025-10-14T13:37:40+05:30","message":"Failed to initialize ClickHouse client - metrics will not be available"}
{"level":"info","port":"localhost:8086","time":"2025-10-14T13:37:40+05:30","message":"Server starting"}
{"level":"info","url":"http://localhost:8086","time":"2025-10-14T13:37:40+05:30","message":"Open in browser"}
{"level":"info","version":"1.0.0","time":"2025-10-14T13:48:14+05:30","message":"Starting vuDataSim Cluster Manager"}
{"level":"info","static_dir":"./static","time":"2025-10-14T13:48:14+05:30","message":"Serving static files"}
{"level":"info","node":"System","module":"ClickHouse","type":"info","time":"2025-10-14T13:48:14+05:30","message":"Initializing ClickHouse client connection"}
{"level":"error","node":"System","module":"ClickHouse","type":"error","time":"2025-10-14T13:48:45+05:30","message":"ClickHouse ping failed: dial tcp 10.32.3.50:9000: i/o timeout"}
{"level":"warn","error":"dial tcp 10.32.3.50:9000: i/o timeout","time":"2025-10-14T13:48:45+05:30","message":"Failed to initialize ClickHouse client - metrics will not be available"}
{"level":"info","port":"localhost:8086","time":"2025-10-14T13:48:45+05:30","message":"Server starting"}
{"level":"info","url":"http://localhost:8086","time":"2025-10-14T13:48:45+05:30","message":"Open in browser"}
{"level":"info","version":"1.0.0","time":"2025-10-14T13:49:56+05:30","message":"Starting vuDataSim Cluster Manager"}
{"level":"info","static_dir":"./static","time":"2025-10-14T13:49:56+05:30","message":"Serving static files"}
{"level":"info","node":"System","module":"ClickHouse","type":"info","time":"2025-10-14T13:49:56+05:30","message":"Initializing ClickHouse client connection"}
{"level":"error","node":"System","module":"ClickHouse","type":"error","time":"2025-10-14T13:50:26+05:30","message":"ClickHouse ping failed: dial tcp 10.32.3.50:9000: i/o timeout"}
{"level":"warn","error":"dial tcp 10.32.3.50:9000: i/o timeout","time":"2025-10-14T13:50:26+05:30","message":"Failed to initialize ClickHouse client - metrics will not be available"}
{"level":"info","port":"localhost:8086","time":"2025-10-14T13:50:26+05:30","message":"Server starting"}
{"level":"info","url":"http://localhost:8086","time":"2025-10-14T13:50:26+05:30","message":"Open in browser"}
{"level":"info","version":"1.0.0","time":"2025-10-14T14:00:06+05:30","message":"Starting vuDataSim Cluster Manager"}
{"level":"info","static_dir":"./static","time":"2025-10-14T14:00:06+05:30","message":"Serving static files"}
{"level":"info","node":"System","module":"ClickHouse","type":"info","time":"2025-10-14T14:00:06+05:30","message":"Initializing ClickHouse client connection"}
{"level":"error","node":"System","module":"ClickHouse","type":"error","time":"2025-10-14T14:00:36+05:30","message":"ClickHouse ping failed: dial tcp 10.32.3.50:9000: i/o timeout"}
{"level":"warn","error":"dial tcp 10.32.3.50:9000: i/o timeout","time":"2025-10-14T14:00:36+05:30","message":"Failed to initialize ClickHouse client - metrics will not be available"}
{"level":"info","port":"localhost:8086","time":"2025-10-14T14:00:36+05:30","message":"Server starting"}
{"level":"info","url":"http://localhost:8086","time":"2025-10-14T14:00:36+05:30","message":"Open in browser"}
{"level":"info","node":"Prod-184","module":"SSH","type":"success","time":"2025-10-14T14:08:52+05:30","message":"Connection check passed"}
{"level":"info","version":"1.0.0","time":"2025-10-14T14:18:27+05:30","message":"Starting vuDataSim Cluster Manager"}
{"level":"info","static_dir":"./static","time":"2025-10-14T14:18:27+05:30","message":"Serving static files"}
{"level":"info","node":"System","module":"ClickHouse","type":"info","time":"2025-10-14T14:18:27+05:30","message":"Initializing ClickHouse client connection"}
{"level":"error","node":"System","module":"ClickHouse","type":"error","time":"2025-10-14T14:18:57+05:30","message":"ClickHouse ping failed: dial tcp 10.32.3.50:9000: i/o timeout"}
{"level":"warn","error":"dial tcp 10.32.3.50:9000: i/o timeout","time":"2025-10-14T14:18:57+05:30","message":"Failed to initialize ClickHouse client - metrics will not be available"}
{"level":"info","port":"localhost:8086","time":"2025-10-14T14:18:57+05:30","message":"Server starting"}
{"level":"info","url":"http://localhost:8086","time":"2025-10-14T14:18:57+05:30","message":"Open in browser"}
{"level":"info","version":"1.0.0","time":"2025-10-14T14:42:55+05:30","message":"Starting vuDataSim Cluster Manager"}
{"level":"info","static_dir":"./static","time":"2025-10-14T14:42:55+05:30","message":"Serving static files"}
{"level":"info","node":"System","module":"ClickHouse","type":"info","time":"2025-10-14T14:42:55+05:30","message":"Initializing ClickHouse client connection"}
{"level":"error","node":"System","module":"ClickHouse","type":"error","time":"2025-10-14T14:43:25+05:30","message":"ClickHouse ping failed: dial tcp 10.32.3.50:9000: i/o timeout"}
{"level":"warn","error":"dial tcp 10.32.3.50:9000: i/o timeout","time":"2025-10-14T14:43:25+05:30","message":"Failed to initialize ClickHouse client - metrics will not be available"}
{"level":"info","port":"localhost:8086","time":"2025-10-14T14:43:25+05:30","message":"Server starting"}
{"level":"info","url":"http://localhost:8086","time":"2025-10-14T14:43:25+05:30","message":"Open in browser"}
{"level":"info","version":"1.0.0","time":"2025-10-14T15:07:08+05:30","message":"Starting vuDataSim Cluster Manager"}
{"level":"info","static_dir":"./static","time":"2025-10-14T15:07:08+05:30","message":"Serving static files"}
{"level":"info","node":"System","module":"ClickHouse","type":"info","time":"2025-10-14T15:07:08+05:30","message":"Initializing ClickHouse client connection"}
{"level":"error","node":"System","module":"ClickHouse","type":"error","time":"2025-10-14T15:07:38+05:30","message":"ClickHouse ping failed: dial tcp 10.32.3.50:9000: i/o timeout"}
{"level":"warn","error":"dial tcp 10.32.3.50:9000: i/o timeout","time":"2025-10-14T15:07:38+05:30","message":"Failed to initialize ClickHouse client - metrics will not be available"}
{"level":"info","port":"localhost:8086","time":"2025-10-14T15:07:38+05:30","message":"Server starting"}
{"level":"info","url":"http://localhost:8086","time":"2025-10-14T15:07:38+05:30","message":"Open in browser"}
{"level":"info","node":"Prod-184","module":"SSH","type":"success","time":"2025-10-14T15:10:01+05:30","message":"Connection check passed"}
{"level":"info","node":"Prod-184","module":"SSH","type":"success","time":"2025-10-14T15:10:21+05:30","message":"Connection check passed"}
{"level":"info","node":"Prod-184","module":"SSH","type":"success","time":"2025-10-14T15:10:29+05:30","message":"Connection check passed"}
{"level":"info","version":"1.0.0","time":"2025-10-14T15:18:04+05:30","message":"Starting vuDataSim Cluster Manager"}
{"level":"info","static_dir":"./static","time":"2025-10-14T15:18:04+05:30","message":"Serving static files"}
{"level":"info","node":"System","module":"ClickHouse","type":"info","time":"2025-10-14T15:18:04+05:30","message":"Initializing ClickHouse client connection"}
{"level":"error","node":"System","module":"ClickHouse","type":"error","time":"2025-10-14T15:18:34+05:30","message":"ClickHouse ping failed: dial tcp 10.32.3.50:9000: i/o timeout"}
{"level":"warn","error":"dial tcp 10.32.3.50:9000: i/o timeout","time":"2025-10-14T15:18:34+05:30","message":"Failed to initialize ClickHouse client - metrics will not be available"}
{"level":"info","port":"localhost:8086","time":"2025-10-14T15:18:34+05:30","message":"Server starting"}
{"level":"info","url":"http://localhost:8086","time":"2025-10-14T15:18:34+05:30","message":"Open in browser"}
{"level":"info","version":"1.0.0","time":"2025-10-14T15:23:38+05:30","message":"Starting vuDataSim Cluster Manager"}
{"level":"info","static_dir":"./static","time":"2025-10-14T15:23:38+05:30","message":"Serving static files"}
{"level":"info","node":"System","module":"ClickHouse","type":"info","time":"2025-10-14T15:23:38+05:30","message":"Initializing ClickHouse client connection"}
{"level":"error","node":"System","module":"ClickHouse","type":"error","time":"2025-10-14T15:24:08+05:30","message":"ClickHouse ping failed: dial tcp 10.32.3.50:9000: i/o timeout"}
{"level":"warn","error":"dial tcp 10.32.3.50:9000: i/o timeout","time":"2025-10-14T15:24:08+05:30","message":"Failed to initialize ClickHouse client - metrics will not be available"}
{"level":"info","port":"localhost:8086","time":"2025-10-14T15:24:08+05:30","message":"Server starting"}
{"level":"info","url":"http://localhost:8086","time":"2025-10-14T15:24:08+05:30","message":"Open in browser"}
{"level":"info","version":"1.0.0","time":"2025-10-14T15:25:05+05:30","message":"Starting vuDataSim Cluster Manager"}
{"level":"info","static_dir":"./static","time":"2025-10-14T15:25:05+05:30","message":"Serving static files"}
{"level":"info","node":"System","module":"ClickHouse","type":"info","time":"2025-10-14T15:25:05+05:30","message":"Initializing ClickHouse client connection"}
{"level":"error","node":"System","module":"ClickHouse","type":"error","time":"2025-10-14T15:25:35+05:30","message":"ClickHouse ping failed: dial tcp 10.32.3.50:9000: i/o timeout"}
{"level":"warn","error":"dial tcp 10.32.3.50:9000: i/o timeout","time":"2025-10-14T15:25:35+05:30","message":"Failed to initialize ClickHouse client - metrics will not be available"}
{"level":"info","port":"164.52.213.158:8086","time":"2025-10-14T15:25:35+05:30","message":"Server starting"}
{"level":"info","url":"http://164.52.213.158:8086","time":"2025-10-14T15:25:35+05:30","message":"Open in browser"}
{"level":"info","version":"1.0.0","time":"2025-10-14T15:26:37+05:30","message":"Starting vuDataSim Cluster Manager"}
{"level":"info","static_dir":"./static","time":"2025-10-14T15:26:37+05:30","message":"Serving static files"}
{"level":"info","node":"System","module":"ClickHouse","type":"info","time":"2025-10-14T15:26:37+05:30","message":"Initializing ClickHouse client connection"}
{"level":"error","node":"System","module":"ClickHouse","type":"error","time":"2025-10-14T15:27:07+05:30","message":"ClickHouse ping failed: dial tcp 10.32.3.50:9000: i/o timeout"}
{"level":"warn","error":"dial tcp 10.32.3.50:9000: i/o timeout","time":"2025-10-14T15:27:07+05:30","message":"Failed to initialize ClickHouse client - metrics will not be available"}
{"level":"info","port":"164.52.213.158:8086","time":"2025-10-14T15:27:07+05:30","message":"Server starting"}
{"level":"info","url":"http://164.52.213.158:8086","time":"2025-10-14T15:27:07+05:30","message":"Open in browser"}
{"level":"info","version":"1.0.0","time":"2025-10-14T15:27:26+05:30","message":"Starting vuDataSim Cluster Manager"}
{"level":"info","static_dir":"./static","time":"2025-10-14T15:27:26+05:30","message":"Serving static files"}
{"level":"info","node":"System","module":"ClickHouse","type":"info","time":"2025-10-14T15:27:26+05:30","message":"Initializing ClickHouse client connection"}
{"level":"error","node":"System","module":"ClickHouse","type":"error","time":"2025-10-14T15:27:56+05:30","message":"ClickHouse ping failed: dial tcp 10.32.3.50:9000: i/o timeout"}
{"level":"warn","error":"dial tcp 10.32.3.50:9000: i/o timeout","time":"2025-10-14T15:27:56+05:30","message":"Failed to initialize ClickHouse client - metrics will not be available"}
{"level":"info","port":"localhost:8086","time":"2025-10-14T15:27:56+05:30","message":"Server starting"}
{"level":"info","url":"http://localhost:8086","time":"2025-10-14T15:27:56+05:30","message":"Open in browser"}
{"level":"info","version":"1.0.0","time":"2025-10-14T15:34:07+05:30","message":"Starting vuDataSim Cluster Manager"}
{"level":"info","static_dir":"./static","time":"2025-10-14T15:34:07+05:30","message":"Serving static files"}
{"level":"info","node":"System","module":"ClickHouse","type":"info","time":"2025-10-14T15:34:07+05:30","message":"Initializing ClickHouse client connection"}
{"level":"error","node":"System","module":"ClickHouse","type":"error","time":"2025-10-14T15:34:37+05:30","message":"ClickHouse ping failed: dial tcp 10.32.3.50:9000: i/o timeout"}
{"level":"warn","error":"dial tcp 10.32.3.50:9000: i/o timeout","time":"2025-10-14T15:34:37+05:30","message":"Failed to initialize ClickHouse client - metrics will not be available"}
{"level":"info","port":"localhost:8086","time":"2025-10-14T15:34:37+05:30","message":"Server starting"}
{"level":"info","url":"http://localhost:8086","time":"2025-10-14T15:34:37+05:30","message":"Open in browser"}
{"level":"info","version":"1.0.0","time":"2025-10-14T15:39:59+05:30","message":"Starting vuDataSim Cluster Manager"}
{"level":"info","static_dir":"./static","time":"2025-10-14T15:39:59+05:30","message":"Serving static files"}
{"level":"info","node":"System","module":"ClickHouse","type":"info","time":"2025-10-14T15:39:59+05:30","message":"Initializing ClickHouse client connection"}
{"level":"error","node":"System","module":"ClickHouse","type":"error","time":"2025-10-14T15:40:29+05:30","message":"ClickHouse ping failed: dial tcp 10.32.3.50:9000: i/o timeout"}
{"level":"warn","error":"dial tcp 10.32.3.50:9000: i/o timeout","time":"2025-10-14T15:40:29+05:30","message":"Failed to initialize ClickHouse client - metrics will not be available"}
{"level":"info","port":"localhost:8086","time":"2025-10-14T15:40:29+05:30","message":"Server starting"}
{"level":"info","url":"http://localhost:8086","time":"2025-10-14T15:40:29+05:30","message":"Open in browser"}
{"level":"info","version":"1.0.0","time":"2025-10-14T15:52:29+05:30","message":"Starting vuDataSim Cluster Manager"}
{"level":"info","static_dir":"./static","time":"2025-10-14T15:52:29+05:30","message":"Serving static files"}
{"level":"info","node":"System","module":"ClickHouse","type":"info","time":"2025-10-14T15:52:29+05:30","message":"Initializing ClickHouse client connection"}
{"level":"error","node":"System","module":"ClickHouse","type":"error","time":"2025-10-14T15:52:59+05:30","message":"ClickHouse ping failed: dial tcp 10.32.3.50:9000: i/o timeout"}
{"level":"warn","error":"dial tcp 10.32.3.50:9000: i/o timeout","time":"2025-10-14T15:52:59+05:30","message":"Failed to initialize ClickHouse client - metrics will not be available"}
{"level":"info","port":"localhost:8086","time":"2025-10-14T15:52:59+05:30","message":"Server starting"}
{"level":"info","url":"http://localhost:8086","time":"2025-10-14T15:52:59+05:30","message":"Open in browser"}
{"level":"info","version":"1.0.0","time":"2025-10-14T15:53:26+05:30","message":"Starting vuDataSim Cluster Manager"}
{"level":"info","static_dir":"./static","time":"2025-10-14T15:53:26+05:30","message":"Serving static files"}
{"level":"info","node":"System","module":"ClickHouse","type":"info","time":"2025-10-14T15:53:26+05:30","message":"Initializing ClickHouse client connection"}
{"level":"error","node":"System","module":"ClickHouse","type":"error","time":"2025-10-14T15:53:56+05:30","message":"ClickHouse ping failed: dial tcp 10.32.3.50:9000: i/o timeout"}
{"level":"warn","error":"dial tcp 10.32.3.50:9000: i/o timeout","time":"2025-10-14T15:53:56+05:30","message":"Failed to initialize ClickHouse client - metrics will not be available"}
{"level":"info","port":"localhost:8086","time":"2025-10-14T15:53:56+05:30","message":"Server starting"}
{"level":"info","url":"http://localhost:8086","time":"2025-10-14T15:53:56+05:30","message":"Open in browser"}
{"level":"info","version":"1.0.0","time":"2025-10-14T16:02:36+05:30","message":"Starting vuDataSim Cluster Manager"}
{"level":"info","static_dir":"./static","time":"2025-10-14T16:02:36+05:30","message":"Serving static files"}
{"level":"info","node":"System","module":"ClickHouse","type":"info","time":"2025-10-14T16:02:36+05:30","message":"Initializing ClickHouse client connection"}
{"level":"error","node":"System","module":"ClickHouse","type":"error","time":"2025-10-14T16:03:06+05:30","message":"ClickHouse ping failed: dial tcp 10.32.3.50:9000: i/o timeout"}
{"level":"warn","error":"dial tcp 10.32.3.50:9000: i/o timeout","time":"2025-10-14T16:03:06+05:30","message":"Failed to initialize ClickHouse client - metrics will not be available"}
{"level":"info","port":"localhost:8086","time":"2025-10-14T16:03:06+05:30","message":"Server starting"}
{"level":"info","url":"http://localhost:8086","time":"2025-10-14T16:03:06+05:30","message":"Open in browser"}
{"level":"info","version":"1.0.0","time":"2025-10-14T16:03:51+05:30","message":"Starting vuDataSim Cluster Manager"}
{"level":"info","static_dir":"./static","time":"2025-10-14T16:03:51+05:30","message":"Serving static files"}
{"level":"info","node":"System","module":"ClickHouse","type":"info","time":"2025-10-14T16:03:51+05:30","message":"Initializing ClickHouse client connection"}
{"level":"error","node":"System","module":"ClickHouse","type":"error","time":"2025-10-14T16:04:21+05:30","message":"ClickHouse ping failed: dial tcp 10.32.3.50:9000: i/o timeout"}
{"level":"warn","error":"dial tcp 10.32.3.50:9000: i/o timeout","time":"2025-10-14T16:04:21+05:30","message":"Failed to initialize ClickHouse client - metrics will not be available"}
{"level":"info","port":"localhost:8086","time":"2025-10-14T16:04:21+05:30","message":"Server starting"}
{"level":"info","url":"http://localhost:8086","time":"2025-10-14T16:04:21+05:30","message":"Open in browser"}
{"level":"info","version":"1.0.0","time":"2025-10-14T16:08:56+05:30","message":"Starting vuDataSim Cluster Manager"}
{"level":"info","static_dir":"./static","time":"2025-10-14T16:08:56+05:30","message":"Serving static files"}
{"level":"info","node":"System","module":"ClickHouse","type":"info","time":"2025-10-14T16:08:56+05:30","message":"Initializing ClickHouse client connection"}
{"level":"error","node":"System","module":"ClickHouse","type":"error","time":"2025-10-14T16:09:26+05:30","message":"ClickHouse ping failed: dial tcp 10.32.3.50:9000: i/o timeout"}
{"level":"warn","error":"dial tcp 10.32.3.50:9000: i/o timeout","time":"2025-10-14T16:09:26+05:30","message":"Failed to initialize ClickHouse client - metrics will not be available"}
{"level":"info","port":"localhost:8086","time":"2025-10-14T16:09:26+05:30","message":"Server starting"}
{"level":"info","url":"http://localhost:8086","time":"2025-10-14T16:09:26+05:30","message":"Open in browser"}
{"level":"info","version":"1.0.0","time":"2025-10-14T16:17:05+05:30","message":"Starting vuDataSim Cluster Manager"}
{"level":"info","static_dir":"./static","time":"2025-10-14T16:17:05+05:30","message":"Serving static files"}
{"level":"info","node":"System","module":"ClickHouse","type":"info","time":"2025-10-14T16:17:05+05:30","message":"Initializing ClickHouse client connection"}
{"level":"info","version":"1.0.0","time":"2025-10-14T16:17:33+05:30","message":"Starting vuDataSim Cluster Manager"}
{"level":"info","static_dir":"./static","time":"2025-10-14T16:17:33+05:30","message":"Serving static files"}
{"level":"info","node":"System","module":"ClickHouse","type":"info","time":"2025-10-14T16:17:33+05:30","message":"Initializing ClickHouse client connection"}
{"level":"error","node":"System","module":"ClickHouse","type":"error","time":"2025-10-14T16:18:03+05:30","message":"ClickHouse ping failed: dial tcp 10.32.3.50:9000: i/o timeout"}
{"level":"warn","error":"dial tcp 10.32.3.50:9000: i/o timeout","time":"2025-10-14T16:18:03+05:30","message":"Failed to initialize ClickHouse client - metrics will not be available"}
{"level":"info","port":"localhost:8086","time":"2025-10-14T16:18:03+05:30","message":"Server starting"}
{"level":"info","url":"http://localhost:8086","time":"2025-10-14T16:18:03+05:30","message":"Open in browser"}
{"level":"info","node":"Prod-184","module":"SSH","type":"success","time":"2025-10-14T16:29:15+05:30","message":"Connection check passed"}
{"level":"info","node":"Prod-184","module":"SSH","type":"success","time":"2025-10-14T16:29:16+05:30","message":"Connection check passed"}
{"level":"info","node":"Prod-184","module":"SSH","type":"success","time":"2025-10-14T16:31:39+05:30","message":"Connection check passed"}
{"level":"info","node":"Prod-184","module":"SSH","type":"success","time":"2025-10-14T16:31:39+05:30","message":"Connection check passed"}
{"level":"info","node":"Prod-184","module":"SSH","type":"success","time":"2025-10-14T16:36:48+05:30","message":"Connection check passed"}
{"level":"info","node":"Prod-184","module":"SSH","type":"success","time":"2025-10-14T16:36:49+05:30","message":"Connection check passed"}
